\BOOKMARK [0][-]{section*.2}{\376\377\000F\000r\000a\000c\000t\000a\000l\000-\000E\000n\000h\000a\000n\000c\000e\000d\000\040\000T\000o\000p\000o\000l\000o\000g\000i\000c\000a\000l\000\040\000Q\000u\000a\000n\000t\000u\000m\000\040\000C\000o\000m\000p\000u\000t\000i\000n\000g\000:\000\040\000H\000i\000l\000b\000e\000r\000t\000\040\000S\000p\000a\000c\000e\000\040\000S\000c\000a\000l\000i\000n\000g\000\040\000a\000n\000d\000\040\000N\000o\000n\000-\000S\000e\000m\000i\000s\000i\000m\000p\000l\000e\000\040\000T\000Q\000F\000T\000\040\000I\000m\000p\000l\000e\000m\000e\000n\000t\000a\000t\000i\000o\000n}{}% 2
\BOOKMARK [1][-]{section*.1}{\376\377\000A\000b\000s\000t\000r\000a\000c\000t}{section*.2}% 1
\BOOKMARK [1][-]{section*.3}{\376\377\000I\000n\000t\000r\000o\000d\000u\000c\000t\000i\000o\000n}{section*.2}% 3
\BOOKMARK [1][-]{section*.4}{\376\377\000F\000r\000a\000c\000t\000a\000l\000\040\000H\000i\000l\000b\000e\000r\000t\000\040\000S\000p\000a\000c\000e\000\040\000S\000c\000a\000l\000i\000n\000g}{section*.2}% 4
\BOOKMARK [2][-]{section*.5}{\376\377\000P\000r\000e\000l\000i\000m\000i\000n\000a\000r\000i\000e\000s\000\040\000a\000n\000d\000\040\000D\000e\000f\000i\000n\000i\000t\000i\000o\000n\000s}{section*.4}% 5
\BOOKMARK [2][-]{section*.6}{\376\377\000S\000p\000e\000c\000t\000r\000a\000l\000\040\000P\000r\000o\000p\000e\000r\000t\000i\000e\000s\000\040\000o\000f\000\040\000F\000r\000a\000c\000t\000a\000l\000\040\000H\000a\000m\000i\000l\000t\000o\000n\000i\000a\000n\000s}{section*.4}% 6
\BOOKMARK [2][-]{section*.7}{\376\377\000H\000i\000e\000r\000a\000r\000c\000h\000i\000c\000a\000l\000\040\000E\000n\000t\000a\000n\000g\000l\000e\000m\000e\000n\000t\000\040\000S\000t\000r\000u\000c\000t\000u\000r\000e}{section*.4}% 7
\BOOKMARK [2][-]{section*.8}{\376\377\000M\000a\000i\000n\000\040\000T\000h\000e\000o\000r\000e\000m\000:\000\040\000F\000r\000a\000c\000t\000a\000l\000\040\000H\000i\000l\000b\000e\000r\000t\000\040\000S\000p\000a\000c\000e\000\040\000S\000c\000a\000l\000i\000n\000g}{section*.4}% 8
\BOOKMARK [2][-]{section*.9}{\376\377\000C\000o\000m\000p\000a\000r\000i\000s\000o\000n\000\040\000w\000i\000t\000h\000\040\000E\000u\000c\000l\000i\000d\000e\000a\000n\000\040\000L\000a\000t\000t\000i\000c\000e\000s}{section*.4}% 9
\BOOKMARK [2][-]{section*.10}{\376\377\000N\000u\000m\000e\000r\000i\000c\000a\000l\000\040\000E\000x\000a\000m\000p\000l\000e\000s}{section*.4}% 10
\BOOKMARK [2][-]{section*.11}{\376\377\000P\000h\000y\000s\000i\000c\000a\000l\000\040\000I\000n\000t\000e\000r\000p\000r\000e\000t\000a\000t\000i\000o\000n}{section*.4}% 11
\BOOKMARK [2][-]{section*.12}{\376\377\000R\000e\000l\000a\000t\000i\000o\000n\000\040\000t\000o\000\040\000Q\000u\000a\000n\000t\000u\000m\000\040\000E\000r\000r\000o\000r\000\040\000C\000o\000r\000r\000e\000c\000t\000i\000o\000n}{section*.4}% 12
\BOOKMARK [2][-]{section*.13}{\376\377\000L\000i\000m\000i\000t\000a\000t\000i\000o\000n\000s\000\040\000a\000n\000d\000\040\000O\000p\000e\000n\000\040\000Q\000u\000e\000s\000t\000i\000o\000n\000s}{section*.4}% 13
\BOOKMARK [1][-]{section*.14}{\376\377\000N\000o\000n\000-\000S\000e\000m\000i\000s\000i\000m\000p\000l\000e\000\040\000T\000Q\000F\000T\000\040\000I\000m\000p\000l\000e\000m\000e\000n\000t\000a\000t\000i\000o\000n}{section*.2}% 14
\BOOKMARK [2][-]{section*.15}{\376\377\000B\000a\000c\000k\000g\000r\000o\000u\000n\000d\000:\000\040\000S\000e\000m\000i\000s\000i\000m\000p\000l\000e\000\040\000v\000s\000.\000\040\000N\000o\000n\000-\000S\000e\000m\000i\000s\000i\000m\000p\000l\000e\000\040\000T\000Q\000F\000T\000s}{section*.14}% 15
\BOOKMARK [2][-]{section*.16}{\376\377\000M\000a\000t\000h\000e\000m\000a\000t\000i\000c\000a\000l\000\040\000F\000r\000a\000m\000e\000w\000o\000r\000k\000:\000\040\000N\000o\000n\000-\000S\000e\000m\000i\000s\000i\000m\000p\000l\000e\000\040\000C\000a\000t\000e\000g\000o\000r\000i\000e\000s}{section*.14}% 16
\BOOKMARK [2][-]{section*.17}{\376\377\000U\000n\000i\000v\000e\000r\000s\000a\000l\000\040\000C\000o\000m\000p\000u\000t\000a\000t\000i\000o\000n\000\040\000v\000i\000a\000\040\000N\000e\000g\000l\000e\000c\000t\000o\000n\000\040\000B\000r\000a\000i\000d\000i\000n\000g}{section*.14}% 17
\BOOKMARK [2][-]{section*.18}{\376\377\000F\000r\000a\000c\000t\000a\000l\000\040\000E\000n\000t\000a\000n\000g\000l\000e\000m\000e\000n\000t\000\040\000D\000i\000s\000t\000r\000i\000b\000u\000t\000i\000o\000n\000\040\000P\000r\000o\000t\000o\000c\000o\000l}{section*.14}% 18
\BOOKMARK [3][-]{section*.19}{\376\377\000C\000i\000r\000c\000u\000i\000t\000\040\000A\000r\000c\000h\000i\000t\000e\000c\000t\000u\000r\000e}{section*.18}% 19
\BOOKMARK [3][-]{section*.20}{\376\377\000I\000m\000p\000l\000e\000m\000e\000n\000t\000a\000t\000i\000o\000n\000\040\000D\000e\000t\000a\000i\000l\000s}{section*.18}% 20
\BOOKMARK [3][-]{section*.21}{\376\377\000R\000e\000s\000u\000l\000t\000s}{section*.18}% 21
\BOOKMARK [2][-]{section*.22}{\376\377\000G\000r\000o\000u\000n\000d\000\040\000S\000t\000a\000t\000e\000\040\000D\000e\000g\000e\000n\000e\000r\000a\000c\000y\000\040\000o\000n\000\040\000F\000r\000a\000c\000t\000a\000l\000\040\000L\000a\000t\000t\000i\000c\000e\000s}{section*.14}% 22
\BOOKMARK [2][-]{section*.23}{\376\377\000E\000r\000r\000o\000r\000\040\000C\000o\000r\000r\000e\000c\000t\000i\000o\000n\000\040\000w\000i\000t\000h\000\040\000N\000e\000g\000l\000e\000c\000t\000o\000n\000\040\000S\000y\000n\000d\000r\000o\000m\000e\000\040\000M\000e\000a\000s\000u\000r\000e\000m\000e\000n\000t}{section*.14}% 23
\BOOKMARK [2][-]{section*.24}{\376\377\000C\000o\000m\000p\000a\000r\000i\000s\000o\000n\000\040\000w\000i\000t\000h\000\040\000S\000t\000a\000n\000d\000a\000r\000d\000\040\000A\000p\000p\000r\000o\000a\000c\000h\000e\000s}{section*.14}% 24
\BOOKMARK [1][-]{section*.25}{\376\377\000P\000h\000o\000t\000o\000n\000i\000c\000\040\000B\000a\000n\000d\000\040\000E\000n\000g\000i\000n\000e\000e\000r\000i\000n\000g\000\040\000i\000n\000\040\000H\000e\000x\000a\000g\000o\000n\000a\000l\000\040\000L\000a\000t\000t\000i\000c\000e\000s}{section*.2}% 25
\BOOKMARK [2][-]{section*.26}{\376\377\000H\000e\000x\000a\000g\000o\000n\000a\000l\000\040\000L\000a\000t\000t\000i\000c\000e\000\040\000G\000e\000o\000m\000e\000t\000r\000y\000\040\000a\000n\000d\000\040\000S\000y\000m\000m\000e\000t\000r\000y}{section*.25}% 26
\BOOKMARK [3][-]{section*.27}{\376\377\000L\000a\000t\000t\000i\000c\000e\000\040\000D\000e\000f\000i\000n\000i\000t\000i\000o\000n}{section*.26}% 27
\BOOKMARK [3][-]{section*.28}{\376\377\000P\000o\000i\000n\000t\000\040\000G\000r\000o\000u\000p\000\040\000S\000y\000m\000m\000e\000t\000r\000y}{section*.26}% 28
\BOOKMARK [2][-]{section*.29}{\376\377\000P\000l\000a\000n\000e\000-\000W\000a\000v\000e\000\040\000E\000x\000p\000a\000n\000s\000i\000o\000n\000\040\000A\000n\000a\000l\000y\000s\000i\000s}{section*.25}% 29
\BOOKMARK [3][-]{section*.30}{\376\377\000M\000a\000s\000t\000e\000r\000\040\000E\000q\000u\000a\000t\000i\000o\000n}{section*.29}% 30
\BOOKMARK [3][-]{section*.31}{\376\377\000F\000o\000u\000r\000i\000e\000r\000\040\000E\000x\000p\000a\000n\000s\000i\000o\000n}{section*.29}% 31
\BOOKMARK [3][-]{section*.32}{\376\377\000N\000u\000m\000e\000r\000i\000c\000a\000l\000\040\000I\000m\000p\000l\000e\000m\000e\000n\000t\000a\000t\000i\000o\000n}{section*.29}% 32
\BOOKMARK [2][-]{section*.33}{\376\377\000B\000a\000n\000d\000\040\000S\000t\000r\000u\000c\000t\000u\000r\000e\000\040\000R\000e\000s\000u\000l\000t\000s}{section*.25}% 33
\BOOKMARK [3][-]{section*.34}{\376\377\000B\000a\000n\000d\000\040\000G\000a\000p\000\040\000I\000d\000e\000n\000t\000i\000f\000i\000c\000a\000t\000i\000o\000n}{section*.33}% 34
\BOOKMARK [3][-]{section*.35}{\376\377\000F\000l\000a\000t\000b\000a\000n\000d\000\040\000R\000e\000g\000i\000o\000n\000s}{section*.33}% 35
\BOOKMARK [3][-]{section*.36}{\376\377\000D\000i\000r\000a\000c\000\040\000C\000o\000n\000e\000s\000\040\000a\000t\000\040\000K\000\040\000P\000o\000i\000n\000t\000s}{section*.33}% 36
\BOOKMARK [2][-]{section*.37}{\376\377\000T\000o\000p\000o\000l\000o\000g\000i\000c\000a\000l\000\040\000P\000r\000o\000p\000e\000r\000t\000i\000e\000s\000\040\000a\000n\000d\000\040\000E\000d\000g\000e\000\040\000S\000t\000a\000t\000e\000s}{section*.25}% 37
\BOOKMARK [3][-]{section*.38}{\376\377\000B\000e\000r\000r\000y\000\040\000P\000h\000a\000s\000e\000\040\000a\000n\000d\000\040\000T\000o\000p\000o\000l\000o\000g\000i\000c\000a\000l\000\040\000I\000n\000v\000a\000r\000i\000a\000n\000t\000s}{section*.37}% 38
\BOOKMARK [3][-]{section*.39}{\376\377\000E\000d\000g\000e\000\040\000S\000t\000a\000t\000e\000\040\000D\000i\000s\000p\000e\000r\000s\000i\000o\000n}{section*.37}% 39
\BOOKMARK [3][-]{section*.40}{\376\377\000U\000n\000i\000d\000i\000r\000e\000c\000t\000i\000o\000n\000a\000l\000\040\000T\000r\000a\000n\000s\000p\000o\000r\000t}{section*.37}% 40
\BOOKMARK [2][-]{section*.41}{\376\377\000D\000e\000c\000o\000h\000e\000r\000e\000n\000c\000e\000\040\000S\000u\000p\000p\000r\000e\000s\000s\000i\000o\000n\000\040\000M\000e\000c\000h\000a\000n\000i\000s\000m}{section*.25}% 41
\BOOKMARK [3][-]{section*.42}{\376\377\000A\000n\000d\000e\000r\000s\000o\000n\000\040\000L\000o\000c\000a\000l\000i\000z\000a\000t\000i\000o\000n\000\040\000i\000n\000\040\000P\000h\000o\000t\000o\000n\000i\000c\000\040\000L\000a\000t\000t\000i\000c\000e\000s}{section*.41}% 42
\BOOKMARK [3][-]{section*.43}{\376\377\000C\000o\000h\000e\000r\000e\000n\000c\000e\000\040\000T\000i\000m\000e\000\040\000E\000n\000h\000a\000n\000c\000e\000m\000e\000n\000t}{section*.41}% 43
\BOOKMARK [3][-]{section*.44}{\376\377\000N\000u\000m\000e\000r\000i\000c\000a\000l\000\040\000V\000e\000r\000i\000f\000i\000c\000a\000t\000i\000o\000n}{section*.41}% 44
\BOOKMARK [2][-]{section*.45}{\376\377\000D\000e\000n\000s\000i\000t\000y\000\040\000o\000f\000\040\000S\000t\000a\000t\000e\000s\000\040\000E\000n\000g\000i\000n\000e\000e\000r\000i\000n\000g}{section*.25}% 45
\BOOKMARK [3][-]{section*.46}{\376\377\000V\000a\000n\000\040\000H\000o\000v\000e\000\040\000S\000i\000n\000g\000u\000l\000a\000r\000i\000t\000i\000e\000s}{section*.45}% 46
\BOOKMARK [3][-]{section*.47}{\376\377\000S\000l\000o\000w\000\040\000L\000i\000g\000h\000t\000\040\000a\000n\000d\000\040\000N\000o\000n\000l\000i\000n\000e\000a\000r\000i\000t\000y\000\040\000E\000n\000h\000a\000n\000c\000e\000m\000e\000n\000t}{section*.45}% 47
\BOOKMARK [2][-]{section*.48}{\376\377\000I\000n\000t\000e\000g\000r\000a\000t\000i\000o\000n\000\040\000w\000i\000t\000h\000\040\000F\000r\000a\000c\000t\000a\000l\000\040\000A\000r\000c\000h\000i\000t\000e\000c\000t\000u\000r\000e}{section*.25}% 48
\BOOKMARK [3][-]{section*.49}{\376\377\000H\000i\000e\000r\000a\000r\000c\000h\000i\000c\000a\000l\000\040\000P\000h\000o\000t\000o\000n\000i\000c\000\040\000N\000e\000t\000w\000o\000r\000k}{section*.48}% 49
\BOOKMARK [3][-]{section*.50}{\376\377\000F\000a\000b\000r\000i\000c\000a\000t\000i\000o\000n\000\040\000C\000o\000m\000p\000a\000t\000i\000b\000i\000l\000i\000t\000y}{section*.48}% 50
\BOOKMARK [2][-]{section*.51}{\376\377\000C\000o\000m\000p\000a\000r\000i\000s\000o\000n\000\040\000w\000i\000t\000h\000\040\000A\000l\000t\000e\000r\000n\000a\000t\000i\000v\000e\000\040\000A\000p\000p\000r\000o\000a\000c\000h\000e\000s}{section*.25}% 51
\BOOKMARK [1][-]{section*.52}{\376\377\000P\000r\000o\000p\000o\000s\000e\000d\000\040\000E\000x\000p\000e\000r\000i\000m\000e\000n\000t\000a\000l\000\040\000V\000a\000l\000i\000d\000a\000t\000i\000o\000n}{section*.2}% 52
\BOOKMARK [2][-]{section*.53}{\376\377\000P\000r\000o\000t\000o\000c\000o\000l\000\040\0001\000:\000\040\000C\000o\000h\000e\000r\000e\000n\000c\000e\000\040\000E\000n\000h\000a\000n\000c\000e\000m\000e\000n\000t\000\040\000i\000n\000\040\000F\000r\000a\000c\000t\000a\000l\000\040\000N\000V\000-\000D\000i\000a\000m\000o\000n\000d\000\040\000A\000r\000r\000a\000y\000s}{section*.52}% 53
\BOOKMARK [3][-]{section*.54}{\376\377\000O\000b\000j\000e\000c\000t\000i\000v\000e}{section*.53}% 54
\BOOKMARK [3][-]{section*.55}{\376\377\000P\000l\000a\000t\000f\000o\000r\000m\000\040\000S\000e\000l\000e\000c\000t\000i\000o\000n}{section*.53}% 55
\BOOKMARK [3][-]{section*.56}{\376\377\000S\000a\000m\000p\000l\000e\000\040\000F\000a\000b\000r\000i\000c\000a\000t\000i\000o\000n}{section*.53}% 56
\BOOKMARK [3][-]{section*.57}{\376\377\000M\000e\000a\000s\000u\000r\000e\000m\000e\000n\000t\000\040\000P\000r\000o\000t\000o\000c\000o\000l}{section*.53}% 57
\BOOKMARK [3][-]{section*.58}{\376\377\000E\000x\000p\000e\000c\000t\000e\000d\000\040\000R\000e\000s\000u\000l\000t\000s}{section*.53}% 58
\BOOKMARK [3][-]{section*.59}{\376\377\000H\000a\000r\000d\000w\000a\000r\000e\000\040\000B\000u\000d\000g\000e\000t}{section*.53}% 59
\BOOKMARK [3][-]{section*.60}{\376\377\000T\000i\000m\000e\000l\000i\000n\000e}{section*.53}% 60
\BOOKMARK [3][-]{section*.61}{\376\377\000S\000u\000c\000c\000e\000s\000s\000\040\000C\000r\000i\000t\000e\000r\000i\000a}{section*.53}% 61
\BOOKMARK [2][-]{section*.62}{\376\377\000P\000r\000o\000t\000o\000c\000o\000l\000\040\0002\000:\000\040\000H\000i\000l\000b\000e\000r\000t\000\040\000S\000p\000a\000c\000e\000\040\000S\000c\000a\000l\000i\000n\000g\000\040\000i\000n\000\040\000T\000r\000a\000p\000p\000e\000d\000-\000I\000o\000n\000\040\000F\000r\000a\000c\000t\000a\000l\000\040\000N\000e\000t\000w\000o\000r\000k\000s}{section*.52}% 62
\BOOKMARK [3][-]{section*.63}{\376\377\000O\000b\000j\000e\000c\000t\000i\000v\000e}{section*.62}% 63
\BOOKMARK [3][-]{section*.64}{\376\377\000P\000l\000a\000t\000f\000o\000r\000m\000\040\000S\000e\000l\000e\000c\000t\000i\000o\000n}{section*.62}% 64
\BOOKMARK [3][-]{section*.65}{\376\377\000E\000x\000p\000e\000r\000i\000m\000e\000n\000t\000a\000l\000\040\000D\000e\000s\000i\000g\000n}{section*.62}% 65
\BOOKMARK [3][-]{section*.66}{\376\377\000M\000e\000a\000s\000u\000r\000e\000m\000e\000n\000t\000\040\000P\000r\000o\000t\000o\000c\000o\000l}{section*.62}% 66
\BOOKMARK [3][-]{section*.67}{\376\377\000E\000x\000p\000e\000c\000t\000e\000d\000\040\000R\000e\000s\000u\000l\000t\000s}{section*.62}% 67
\BOOKMARK [3][-]{section*.68}{\376\377\000H\000a\000r\000d\000w\000a\000r\000e\000\040\000B\000u\000d\000g\000e\000t}{section*.62}% 68
\BOOKMARK [3][-]{section*.69}{\376\377\000T\000i\000m\000e\000l\000i\000n\000e}{section*.62}% 69
\BOOKMARK [3][-]{section*.70}{\376\377\000S\000u\000c\000c\000e\000s\000s\000\040\000C\000r\000i\000t\000e\000r\000i\000a}{section*.62}% 70
\BOOKMARK [2][-]{section*.71}{\376\377\000P\000r\000o\000t\000o\000c\000o\000l\000\040\0003\000:\000\040\000P\000h\000o\000t\000o\000n\000i\000c\000\040\000B\000a\000n\000d\000\040\000G\000a\000p\000\040\000M\000e\000a\000s\000u\000r\000e\000m\000e\000n\000t\000\040\000i\000n\000\040\000H\000e\000x\000a\000g\000o\000n\000a\000l\000\040\000L\000a\000t\000t\000i\000c\000e\000s}{section*.52}% 71
\BOOKMARK [3][-]{section*.72}{\376\377\000O\000b\000j\000e\000c\000t\000i\000v\000e}{section*.71}% 72
\BOOKMARK [3][-]{section*.73}{\376\377\000P\000l\000a\000t\000f\000o\000r\000m\000\040\000S\000e\000l\000e\000c\000t\000i\000o\000n}{section*.71}% 73
\BOOKMARK [3][-]{section*.74}{\376\377\000S\000a\000m\000p\000l\000e\000\040\000F\000a\000b\000r\000i\000c\000a\000t\000i\000o\000n}{section*.71}% 74
\BOOKMARK [3][-]{section*.75}{\376\377\000M\000e\000a\000s\000u\000r\000e\000m\000e\000n\000t\000\040\000P\000r\000o\000t\000o\000c\000o\000l}{section*.71}% 75
\BOOKMARK [3][-]{section*.76}{\376\377\000E\000x\000p\000e\000c\000t\000e\000d\000\040\000R\000e\000s\000u\000l\000t\000s}{section*.71}% 76
\BOOKMARK [3][-]{section*.77}{\376\377\000H\000a\000r\000d\000w\000a\000r\000e\000\040\000B\000u\000d\000g\000e\000t}{section*.71}% 77
\BOOKMARK [3][-]{section*.78}{\376\377\000T\000i\000m\000e\000l\000i\000n\000e}{section*.71}% 78
\BOOKMARK [3][-]{section*.79}{\376\377\000S\000u\000c\000c\000e\000s\000s\000\040\000C\000r\000i\000t\000e\000r\000i\000a}{section*.71}% 79
\BOOKMARK [2][-]{section*.80}{\376\377\000P\000r\000o\000t\000o\000c\000o\000l\000\040\0004\000:\000\040\000T\000o\000p\000o\000l\000o\000g\000i\000c\000a\000l\000\040\000P\000r\000o\000t\000e\000c\000t\000i\000o\000n\000\040\000w\000i\000t\000h\000\040\000M\000a\000j\000o\000r\000a\000n\000a\000-\000I\000n\000t\000e\000g\000r\000a\000t\000e\000d\000\040\000F\000r\000a\000c\000t\000a\000l\000\040\000A\000r\000r\000a\000y\000s}{section*.52}% 80
\BOOKMARK [3][-]{section*.81}{\376\377\000O\000b\000j\000e\000c\000t\000i\000v\000e}{section*.80}% 81
\BOOKMARK [3][-]{section*.82}{\376\377\000P\000l\000a\000t\000f\000o\000r\000m\000\040\000S\000e\000l\000e\000c\000t\000i\000o\000n}{section*.80}% 82
\BOOKMARK [3][-]{section*.83}{\376\377\000D\000e\000v\000i\000c\000e\000\040\000A\000r\000c\000h\000i\000t\000e\000c\000t\000u\000r\000e}{section*.80}% 83
\BOOKMARK [3][-]{section*.84}{\376\377\000M\000e\000a\000s\000u\000r\000e\000m\000e\000n\000t\000\040\000P\000r\000o\000t\000o\000c\000o\000l}{section*.80}% 84
\BOOKMARK [3][-]{section*.85}{\376\377\000E\000x\000p\000e\000c\000t\000e\000d\000\040\000R\000e\000s\000u\000l\000t\000s}{section*.80}% 85
\BOOKMARK [3][-]{section*.86}{\376\377\000H\000a\000r\000d\000w\000a\000r\000e\000\040\000B\000u\000d\000g\000e\000t}{section*.80}% 86
\BOOKMARK [3][-]{section*.87}{\376\377\000T\000i\000m\000e\000l\000i\000n\000e}{section*.80}% 87
\BOOKMARK [3][-]{section*.88}{\376\377\000S\000u\000c\000c\000e\000s\000s\000\040\000C\000r\000i\000t\000e\000r\000i\000a}{section*.80}% 88
\BOOKMARK [2][-]{section*.89}{\376\377\000C\000o\000n\000s\000o\000l\000i\000d\000a\000t\000e\000d\000\040\000B\000u\000d\000g\000e\000t\000\040\000a\000n\000d\000\040\000R\000i\000s\000k\000\040\000A\000s\000s\000e\000s\000s\000m\000e\000n\000t}{section*.52}% 89
\BOOKMARK [3][-]{section*.90}{\376\377\000T\000o\000t\000a\000l\000\040\000P\000r\000o\000g\000r\000a\000m\000\040\000B\000u\000d\000g\000e\000t}{section*.89}% 90
\BOOKMARK [3][-]{section*.91}{\376\377\000R\000i\000s\000k\000\040\000M\000a\000t\000r\000i\000x}{section*.89}% 91
\BOOKMARK [3][-]{section*.92}{\376\377\000T\000e\000c\000h\000n\000o\000l\000o\000g\000y\000\040\000R\000e\000a\000d\000i\000n\000e\000s\000s\000\040\000L\000e\000v\000e\000l\000\040\000P\000r\000o\000g\000r\000e\000s\000s\000i\000o\000n}{section*.89}% 92
\BOOKMARK [3][-]{section*.93}{\376\377\000C\000o\000l\000l\000a\000b\000o\000r\000a\000t\000i\000o\000n\000\040\000R\000e\000q\000u\000i\000r\000e\000m\000e\000n\000t\000s}{section*.89}% 93
\BOOKMARK [1][-]{section*.94}{\376\377\000D\000i\000s\000c\000u\000s\000s\000i\000o\000n}{section*.2}% 94
\BOOKMARK [1][-]{section*.95}{\376\377\000C\000o\000n\000c\000l\000u\000s\000i\000o\000n}{section*.2}% 95
\BOOKMARK [1][-]{section*.96}{\376\377\000A\000c\000k\000n\000o\000w\000l\000e\000d\000g\000m\000e\000n\000t\000s}{section*.2}% 96
\BOOKMARK [1][-]{section*.97}{\376\377\000R\000e\000f\000e\000r\000e\000n\000c\000e\000s}{section*.2}% 97
